2023-04-09 20:53:10.538  INFO 17968 --- [restartedMain] com.stock.managing.StockApplication      : Starting StockApplication using Java 17.0.6 on ctsjava2286 with PID 17968 (C:\Users\cogjava3529\Documents\MicroservicesEStockMarketing\stock\target\classes started by cogjava3529 in C:\Users\cogjava3529\Documents\MicroservicesEStockMarketing\stock)
2023-04-09 20:53:10.538  INFO 17968 --- [restartedMain] com.stock.managing.StockApplication      : No active profile set, falling back to 1 default profile: "default"
2023-04-09 20:53:10.883  INFO 17968 --- [restartedMain] .s.d.r.c.RepositoryConfigurationDelegate : Bootstrapping Spring Data JPA repositories in DEFAULT mode.
2023-04-09 20:53:10.892  INFO 17968 --- [restartedMain] .s.d.r.c.RepositoryConfigurationDelegate : Finished Spring Data repository scanning in 8 ms. Found 1 JPA repository interfaces.
2023-04-09 20:53:10.969  INFO 17968 --- [restartedMain] o.s.cloud.context.scope.GenericScope     : BeanFactory id=58ec3b17-962d-35fb-8e1e-23e650b671f3
2023-04-09 20:53:11.039  INFO 17968 --- [restartedMain] o.s.b.w.embedded.tomcat.TomcatWebServer  : Tomcat initialized with port(s): 8082 (http)
2023-04-09 20:53:11.040  INFO 17968 --- [restartedMain] o.apache.catalina.core.StandardService   : Starting service [Tomcat]
2023-04-09 20:53:11.040  INFO 17968 --- [restartedMain] org.apache.catalina.core.StandardEngine  : Starting Servlet engine: [Apache Tomcat/9.0.73]
2023-04-09 20:53:11.072  INFO 17968 --- [restartedMain] o.a.c.c.C.[Tomcat].[localhost].[/]       : Initializing Spring embedded WebApplicationContext
2023-04-09 20:53:11.073  INFO 17968 --- [restartedMain] w.s.c.ServletWebServerApplicationContext : Root WebApplicationContext: initialization completed in 533 ms
2023-04-09 20:53:11.110  INFO 17968 --- [restartedMain] o.hibernate.jpa.internal.util.LogHelper  : HHH000204: Processing PersistenceUnitInfo [name: default]
2023-04-09 20:53:11.116  INFO 17968 --- [restartedMain] com.zaxxer.hikari.HikariDataSource       : HikariPool-2 - Starting...
2023-04-09 20:53:11.131  INFO 17968 --- [restartedMain] com.zaxxer.hikari.HikariDataSource       : HikariPool-2 - Start completed.
2023-04-09 20:53:11.131  INFO 17968 --- [restartedMain] org.hibernate.dialect.Dialect            : HHH000400: Using dialect: org.hibernate.dialect.MySQL8Dialect
2023-04-09 20:53:11.164  INFO 17968 --- [restartedMain] o.h.e.t.j.p.i.JtaPlatformInitiator       : HHH000490: Using JtaPlatform implementation: [org.hibernate.engine.transaction.jta.platform.internal.NoJtaPlatform]
2023-04-09 20:53:11.164  INFO 17968 --- [restartedMain] j.LocalContainerEntityManagerFactoryBean : Initialized JPA EntityManagerFactory for persistence unit 'default'
2023-04-09 20:53:11.288  WARN 17968 --- [restartedMain] JpaBaseConfiguration$JpaWebConfiguration : spring.jpa.open-in-view is enabled by default. Therefore, database queries may be performed during view rendering. Explicitly configure spring.jpa.open-in-view to disable this warning
2023-04-09 20:53:11.366  WARN 17968 --- [restartedMain] o.s.b.d.a.OptionalLiveReloadServer       : Unable to start LiveReload server
2023-04-09 20:53:11.450  INFO 17968 --- [restartedMain] DiscoveryClientOptionalArgsConfiguration : Eureka HTTP Client uses RestTemplate.
2023-04-09 20:53:11.484  WARN 17968 --- [restartedMain] iguration$LoadBalancerCaffeineWarnLogger : Spring Cloud LoadBalancer is currently working with the default cache. While this cache implementation is useful for development and tests, it's recommended to use Caffeine cache in production.You can switch to using Caffeine cache, by adding it and org.springframework.cache.caffeine.CaffeineCacheManager to the classpath.
2023-04-09 20:53:11.509  INFO 17968 --- [restartedMain] o.s.c.n.eureka.InstanceInfoFactory       : Setting initial instance status as: STARTING
2023-04-09 20:53:11.512  INFO 17968 --- [restartedMain] com.netflix.discovery.DiscoveryClient    : Initializing Eureka in region us-east-1
2023-04-09 20:53:11.512  INFO 17968 --- [restartedMain] c.n.d.s.r.aws.ConfigClusterResolver      : Resolving eureka endpoints via configuration
2023-04-09 20:53:11.529  INFO 17968 --- [restartedMain] com.netflix.discovery.DiscoveryClient    : Disable delta property : false
2023-04-09 20:53:11.529  INFO 17968 --- [restartedMain] com.netflix.discovery.DiscoveryClient    : Single vip registry refresh property : null
2023-04-09 20:53:11.529  INFO 17968 --- [restartedMain] com.netflix.discovery.DiscoveryClient    : Force full registry fetch : false
2023-04-09 20:53:11.529  INFO 17968 --- [restartedMain] com.netflix.discovery.DiscoveryClient    : Application is null : false
2023-04-09 20:53:11.529  INFO 17968 --- [restartedMain] com.netflix.discovery.DiscoveryClient    : Registered Applications size is zero : true
2023-04-09 20:53:11.530  INFO 17968 --- [restartedMain] com.netflix.discovery.DiscoveryClient    : Application version is -1: true
2023-04-09 20:53:11.530  INFO 17968 --- [restartedMain] com.netflix.discovery.DiscoveryClient    : Getting all instance registry info from the eureka server
2023-04-09 20:53:11.550  INFO 17968 --- [restartedMain] com.netflix.discovery.DiscoveryClient    : The response status is 200
2023-04-09 20:53:11.552  INFO 17968 --- [restartedMain] com.netflix.discovery.DiscoveryClient    : Starting heartbeat executor: renew interval is: 30
2023-04-09 20:53:11.553  INFO 17968 --- [restartedMain] c.n.discovery.InstanceInfoReplicator     : InstanceInfoReplicator onDemand update allowed rate per min is 4
2023-04-09 20:53:11.554  INFO 17968 --- [restartedMain] com.netflix.discovery.DiscoveryClient    : Discovery Client initialized at timestamp 1681053791554 with initial instances count: 3
2023-04-09 20:53:11.555  INFO 17968 --- [restartedMain] o.s.c.n.e.s.EurekaServiceRegistry        : Registering application STOCK-SERVICE with eureka with status UP
2023-04-09 20:53:11.556  INFO 17968 --- [restartedMain] com.netflix.discovery.DiscoveryClient    : Saw local status change event StatusChangeEvent [timestamp=1681053791556, current=UP, previous=STARTING]
2023-04-09 20:53:11.556  INFO 17968 --- [DiscoveryClient-InstanceInfoReplicator-0] com.netflix.discovery.DiscoveryClient    : DiscoveryClient_STOCK-SERVICE/ctsjava2286.iiht.tech:stock-service:8082: registering service...
2023-04-09 20:53:11.559  INFO 17968 --- [restartedMain] o.s.b.w.embedded.tomcat.TomcatWebServer  : Tomcat started on port(s): 8082 (http) with context path ''
2023-04-09 20:53:11.560  INFO 17968 --- [restartedMain] .s.c.n.e.s.EurekaAutoServiceRegistration : Updating port to 8082
2023-04-09 20:53:11.567  INFO 17968 --- [DiscoveryClient-InstanceInfoReplicator-0] com.netflix.discovery.DiscoveryClient    : DiscoveryClient_STOCK-SERVICE/ctsjava2286.iiht.tech:stock-service:8082 - registration status: 204
2023-04-09 20:53:11.610  INFO 17968 --- [restartedMain] com.stock.managing.StockApplication      : Started StockApplication in 1.115 seconds (JVM running for 375.083)
2023-04-09 20:53:11.612  INFO 17968 --- [restartedMain] .ConditionEvaluationDeltaLoggingListener : Condition evaluation unchanged
2023-04-09 20:53:18.446  INFO 17968 --- [RMI TCP Connection(17)-127.0.0.1] inMXBeanRegistrar$SpringApplicationAdmin : Application shutdown requested.
2023-04-09 20:53:18.447  INFO 17968 --- [RMI TCP Connection(17)-127.0.0.1] o.s.c.n.e.s.EurekaServiceRegistry        : Unregistering application STOCK-SERVICE with eureka with status DOWN
2023-04-09 20:53:18.447  INFO 17968 --- [RMI TCP Connection(17)-127.0.0.1] com.netflix.discovery.DiscoveryClient    : Saw local status change event StatusChangeEvent [timestamp=1681053798447, current=DOWN, previous=UP]
2023-04-09 20:53:18.447  INFO 17968 --- [DiscoveryClient-InstanceInfoReplicator-0] com.netflix.discovery.DiscoveryClient    : DiscoveryClient_STOCK-SERVICE/ctsjava2286.iiht.tech:stock-service:8082: registering service...
2023-04-09 20:53:18.451  INFO 17968 --- [DiscoveryClient-InstanceInfoReplicator-0] com.netflix.discovery.DiscoveryClient    : DiscoveryClient_STOCK-SERVICE/ctsjava2286.iiht.tech:stock-service:8082 - registration status: 204
2023-04-09 20:53:18.451  INFO 17968 --- [RMI TCP Connection(17)-127.0.0.1] o.apache.catalina.core.StandardService   : Stopping service [Tomcat]
2023-04-09 20:53:18.458  INFO 17968 --- [RMI TCP Connection(17)-127.0.0.1] j.LocalContainerEntityManagerFactoryBean : Closing JPA EntityManagerFactory for persistence unit 'default'
2023-04-09 20:53:18.459  INFO 17968 --- [RMI TCP Connection(17)-127.0.0.1] com.zaxxer.hikari.HikariDataSource       : HikariPool-2 - Shutdown initiated...
2023-04-09 20:53:18.463  INFO 17968 --- [RMI TCP Connection(17)-127.0.0.1] com.zaxxer.hikari.HikariDataSource       : HikariPool-2 - Shutdown completed.
2023-04-09 20:53:18.463  INFO 17968 --- [RMI TCP Connection(17)-127.0.0.1] com.netflix.discovery.DiscoveryClient    : Shutting down DiscoveryClient ...
2023-04-09 20:53:21.465  INFO 17968 --- [RMI TCP Connection(17)-127.0.0.1] com.netflix.discovery.DiscoveryClient    : Unregistering ...
2023-04-09 20:53:21.468  INFO 17968 --- [RMI TCP Connection(17)-127.0.0.1] com.netflix.discovery.DiscoveryClient    : DiscoveryClient_STOCK-SERVICE/ctsjava2286.iiht.tech:stock-service:8082 - deregister  status: 200
2023-04-09 20:53:21.472  INFO 17968 --- [RMI TCP Connection(17)-127.0.0.1] com.netflix.discovery.DiscoveryClient    : Completed shut down of DiscoveryClient
2023-04-09 20:53:44.382  INFO 2944 --- [restartedMain] com.stock.managing.StockApplication      : Starting StockApplication using Java 17.0.6 on ctsjava2286 with PID 2944 (C:\Users\cogjava3529\Documents\MicroservicesEStockMarketing\stock\target\classes started by cogjava3529 in C:\Users\cogjava3529\Documents\MicroservicesEStockMarketing\stock)
2023-04-09 20:53:44.383  INFO 2944 --- [restartedMain] com.stock.managing.StockApplication      : No active profile set, falling back to 1 default profile: "default"
2023-04-09 20:53:44.441  INFO 2944 --- [restartedMain] .e.DevToolsPropertyDefaultsPostProcessor : Devtools property defaults active! Set 'spring.devtools.add-properties' to 'false' to disable
2023-04-09 20:53:44.442  INFO 2944 --- [restartedMain] .e.DevToolsPropertyDefaultsPostProcessor : For additional web related logging consider setting the 'logging.level.web' property to 'DEBUG'
2023-04-09 20:53:45.424  INFO 2944 --- [restartedMain] .s.d.r.c.RepositoryConfigurationDelegate : Bootstrapping Spring Data JPA repositories in DEFAULT mode.
2023-04-09 20:53:45.589  INFO 2944 --- [restartedMain] .s.d.r.c.RepositoryConfigurationDelegate : Finished Spring Data repository scanning in 156 ms. Found 1 JPA repository interfaces.
2023-04-09 20:53:45.858  INFO 2944 --- [restartedMain] o.s.cloud.context.scope.GenericScope     : BeanFactory id=58ec3b17-962d-35fb-8e1e-23e650b671f3
2023-04-09 20:53:46.557  INFO 2944 --- [restartedMain] o.s.b.w.embedded.tomcat.TomcatWebServer  : Tomcat initialized with port(s): 8082 (http)
2023-04-09 20:53:46.570  INFO 2944 --- [restartedMain] o.apache.catalina.core.StandardService   : Starting service [Tomcat]
2023-04-09 20:53:46.570  INFO 2944 --- [restartedMain] org.apache.catalina.core.StandardEngine  : Starting Servlet engine: [Apache Tomcat/9.0.73]
2023-04-09 20:53:46.691  INFO 2944 --- [restartedMain] o.a.c.c.C.[Tomcat].[localhost].[/]       : Initializing Spring embedded WebApplicationContext
2023-04-09 20:53:46.692  INFO 2944 --- [restartedMain] w.s.c.ServletWebServerApplicationContext : Root WebApplicationContext: initialization completed in 2250 ms
2023-04-09 20:53:46.899  INFO 2944 --- [restartedMain] o.hibernate.jpa.internal.util.LogHelper  : HHH000204: Processing PersistenceUnitInfo [name: default]
2023-04-09 20:53:47.000  INFO 2944 --- [restartedMain] org.hibernate.Version                    : HHH000412: Hibernate ORM core version 5.6.15.Final
2023-04-09 20:53:47.249  INFO 2944 --- [restartedMain] o.hibernate.annotations.common.Version   : HCANN000001: Hibernate Commons Annotations {5.1.2.Final}
2023-04-09 20:53:47.384  INFO 2944 --- [restartedMain] com.zaxxer.hikari.HikariDataSource       : HikariPool-1 - Starting...
2023-04-09 20:53:47.703  INFO 2944 --- [restartedMain] com.zaxxer.hikari.HikariDataSource       : HikariPool-1 - Start completed.
2023-04-09 20:53:47.731  INFO 2944 --- [restartedMain] org.hibernate.dialect.Dialect            : HHH000400: Using dialect: org.hibernate.dialect.MySQL8Dialect
2023-04-09 20:53:48.492  INFO 2944 --- [restartedMain] o.h.e.t.j.p.i.JtaPlatformInitiator       : HHH000490: Using JtaPlatform implementation: [org.hibernate.engine.transaction.jta.platform.internal.NoJtaPlatform]
2023-04-09 20:53:48.504  INFO 2944 --- [restartedMain] j.LocalContainerEntityManagerFactoryBean : Initialized JPA EntityManagerFactory for persistence unit 'default'
2023-04-09 20:53:49.148  WARN 2944 --- [restartedMain] JpaBaseConfiguration$JpaWebConfiguration : spring.jpa.open-in-view is enabled by default. Therefore, database queries may be performed during view rendering. Explicitly configure spring.jpa.open-in-view to disable this warning
2023-04-09 20:53:49.390  WARN 2944 --- [restartedMain] o.s.b.d.a.OptionalLiveReloadServer       : Unable to start LiveReload server
2023-04-09 20:53:49.636  INFO 2944 --- [restartedMain] DiscoveryClientOptionalArgsConfiguration : Eureka HTTP Client uses RestTemplate.
2023-04-09 20:53:49.715  WARN 2944 --- [restartedMain] iguration$LoadBalancerCaffeineWarnLogger : Spring Cloud LoadBalancer is currently working with the default cache. While this cache implementation is useful for development and tests, it's recommended to use Caffeine cache in production.You can switch to using Caffeine cache, by adding it and org.springframework.cache.caffeine.CaffeineCacheManager to the classpath.
2023-04-09 20:53:49.786  INFO 2944 --- [restartedMain] o.s.c.n.eureka.InstanceInfoFactory       : Setting initial instance status as: STARTING
2023-04-09 20:53:49.836  INFO 2944 --- [restartedMain] com.netflix.discovery.DiscoveryClient    : Initializing Eureka in region us-east-1
2023-04-09 20:53:49.841  INFO 2944 --- [restartedMain] c.n.d.s.r.aws.ConfigClusterResolver      : Resolving eureka endpoints via configuration
2023-04-09 20:53:49.866  INFO 2944 --- [restartedMain] com.netflix.discovery.DiscoveryClient    : Disable delta property : false
2023-04-09 20:53:49.866  INFO 2944 --- [restartedMain] com.netflix.discovery.DiscoveryClient    : Single vip registry refresh property : null
2023-04-09 20:53:49.866  INFO 2944 --- [restartedMain] com.netflix.discovery.DiscoveryClient    : Force full registry fetch : false
2023-04-09 20:53:49.866  INFO 2944 --- [restartedMain] com.netflix.discovery.DiscoveryClient    : Application is null : false
2023-04-09 20:53:49.866  INFO 2944 --- [restartedMain] com.netflix.discovery.DiscoveryClient    : Registered Applications size is zero : true
2023-04-09 20:53:49.866  INFO 2944 --- [restartedMain] com.netflix.discovery.DiscoveryClient    : Application version is -1: true
2023-04-09 20:53:49.867  INFO 2944 --- [restartedMain] com.netflix.discovery.DiscoveryClient    : Getting all instance registry info from the eureka server
2023-04-09 20:53:50.165  INFO 2944 --- [restartedMain] com.netflix.discovery.DiscoveryClient    : The response status is 200
2023-04-09 20:53:50.168  INFO 2944 --- [restartedMain] com.netflix.discovery.DiscoveryClient    : Starting heartbeat executor: renew interval is: 30
2023-04-09 20:53:50.171  INFO 2944 --- [restartedMain] c.n.discovery.InstanceInfoReplicator     : InstanceInfoReplicator onDemand update allowed rate per min is 4
2023-04-09 20:53:50.176  INFO 2944 --- [restartedMain] com.netflix.discovery.DiscoveryClient    : Discovery Client initialized at timestamp 1681053830175 with initial instances count: 2
2023-04-09 20:53:50.178  INFO 2944 --- [restartedMain] o.s.c.n.e.s.EurekaServiceRegistry        : Registering application STOCK-SERVICE with eureka with status UP
2023-04-09 20:53:50.179  INFO 2944 --- [restartedMain] com.netflix.discovery.DiscoveryClient    : Saw local status change event StatusChangeEvent [timestamp=1681053830179, current=UP, previous=STARTING]
2023-04-09 20:53:50.181  INFO 2944 --- [DiscoveryClient-InstanceInfoReplicator-0] com.netflix.discovery.DiscoveryClient    : DiscoveryClient_STOCK-SERVICE/ctsjava2286.iiht.tech:stock-service:8082: registering service...
2023-04-09 20:53:50.209  INFO 2944 --- [restartedMain] o.s.b.w.embedded.tomcat.TomcatWebServer  : Tomcat started on port(s): 8082 (http) with context path ''
2023-04-09 20:53:50.210  INFO 2944 --- [restartedMain] .s.c.n.e.s.EurekaAutoServiceRegistration : Updating port to 8082
2023-04-09 20:53:50.219  INFO 2944 --- [DiscoveryClient-InstanceInfoReplicator-0] com.netflix.discovery.DiscoveryClient    : DiscoveryClient_STOCK-SERVICE/ctsjava2286.iiht.tech:stock-service:8082 - registration status: 204
2023-04-09 20:53:50.384  INFO 2944 --- [restartedMain] com.stock.managing.StockApplication      : Started StockApplication in 6.493 seconds (JVM running for 7.44)
2023-04-09 20:54:22.464  INFO 2944 --- [http-nio-8082-exec-1] o.a.c.c.C.[Tomcat].[localhost].[/]       : Initializing Spring DispatcherServlet 'dispatcherServlet'
2023-04-09 20:54:22.464  INFO 2944 --- [http-nio-8082-exec-1] o.s.web.servlet.DispatcherServlet        : Initializing Servlet 'dispatcherServlet'
2023-04-09 20:54:22.466  INFO 2944 --- [http-nio-8082-exec-1] o.s.web.servlet.DispatcherServlet        : Completed initialization in 2 ms
2023-04-09 20:54:22.499  INFO 2944 --- [http-nio-8082-exec-1] c.s.managing.controller.StockController  : code is-->xyz06
2023-04-09 20:54:22.508  INFO 2944 --- [http-nio-8082-exec-1] com.stock.managing.service.StockService  : Inside deleteStockById!!
2023-04-09 20:58:49.871  INFO 2944 --- [AsyncResolver-bootstrap-executor-0] c.n.d.s.r.aws.ConfigClusterResolver      : Resolving eureka endpoints via configuration
2023-04-09 21:03:49.878  INFO 2944 --- [AsyncResolver-bootstrap-executor-0] c.n.d.s.r.aws.ConfigClusterResolver      : Resolving eureka endpoints via configuration
2023-04-09 21:08:49.881  INFO 2944 --- [AsyncResolver-bootstrap-executor-0] c.n.d.s.r.aws.ConfigClusterResolver      : Resolving eureka endpoints via configuration
2023-04-09 21:13:49.885  INFO 2944 --- [AsyncResolver-bootstrap-executor-0] c.n.d.s.r.aws.ConfigClusterResolver      : Resolving eureka endpoints via configuration
2023-04-09 21:18:49.898  INFO 2944 --- [AsyncResolver-bootstrap-executor-0] c.n.d.s.r.aws.ConfigClusterResolver      : Resolving eureka endpoints via configuration
2023-04-09 21:21:53.951  INFO 2944 --- [RMI TCP Connection(36)-127.0.0.1] inMXBeanRegistrar$SpringApplicationAdmin : Application shutdown requested.
2023-04-09 21:21:53.953  INFO 2944 --- [RMI TCP Connection(36)-127.0.0.1] o.s.c.n.e.s.EurekaServiceRegistry        : Unregistering application STOCK-SERVICE with eureka with status DOWN
2023-04-09 21:21:53.953  INFO 2944 --- [RMI TCP Connection(36)-127.0.0.1] com.netflix.discovery.DiscoveryClient    : Saw local status change event StatusChangeEvent [timestamp=1681055513953, current=DOWN, previous=UP]
2023-04-09 21:21:53.953  INFO 2944 --- [DiscoveryClient-InstanceInfoReplicator-0] com.netflix.discovery.DiscoveryClient    : DiscoveryClient_STOCK-SERVICE/ctsjava2286.iiht.tech:stock-service:8082: registering service...
2023-04-09 21:21:53.961  INFO 2944 --- [DiscoveryClient-InstanceInfoReplicator-0] com.netflix.discovery.DiscoveryClient    : DiscoveryClient_STOCK-SERVICE/ctsjava2286.iiht.tech:stock-service:8082 - registration status: 204
2023-04-09 21:21:53.962  INFO 2944 --- [RMI TCP Connection(36)-127.0.0.1] o.apache.catalina.core.StandardService   : Stopping service [Tomcat]
2023-04-09 21:21:53.963  INFO 2944 --- [RMI TCP Connection(36)-127.0.0.1] o.a.c.c.C.[Tomcat].[localhost].[/]       : Destroying Spring FrameworkServlet 'dispatcherServlet'
2023-04-09 21:21:53.977  INFO 2944 --- [RMI TCP Connection(36)-127.0.0.1] j.LocalContainerEntityManagerFactoryBean : Closing JPA EntityManagerFactory for persistence unit 'default'
2023-04-09 21:21:53.980  INFO 2944 --- [RMI TCP Connection(36)-127.0.0.1] com.zaxxer.hikari.HikariDataSource       : HikariPool-1 - Shutdown initiated...
2023-04-09 21:21:53.987  INFO 2944 --- [RMI TCP Connection(36)-127.0.0.1] com.zaxxer.hikari.HikariDataSource       : HikariPool-1 - Shutdown completed.
2023-04-09 21:21:53.987  INFO 2944 --- [RMI TCP Connection(36)-127.0.0.1] com.netflix.discovery.DiscoveryClient    : Shutting down DiscoveryClient ...
2023-04-09 21:21:56.995  INFO 2944 --- [RMI TCP Connection(36)-127.0.0.1] com.netflix.discovery.DiscoveryClient    : Unregistering ...
2023-04-09 21:21:57.000  INFO 2944 --- [RMI TCP Connection(36)-127.0.0.1] com.netflix.discovery.DiscoveryClient    : DiscoveryClient_STOCK-SERVICE/ctsjava2286.iiht.tech:stock-service:8082 - deregister  status: 200
2023-04-09 21:21:57.005  INFO 2944 --- [RMI TCP Connection(36)-127.0.0.1] com.netflix.discovery.DiscoveryClient    : Completed shut down of DiscoveryClient
2023-04-09 21:22:28.847  INFO 14976 --- [restartedMain] com.stock.managing.StockApplication      : Starting StockApplication using Java 17.0.6 on ctsjava2286 with PID 14976 (C:\Users\cogjava3529\Documents\MicroservicesEStockMarketing\stock\target\classes started by cogjava3529 in C:\Users\cogjava3529\Documents\MicroservicesEStockMarketing\stock)
2023-04-09 21:22:28.849  INFO 14976 --- [restartedMain] com.stock.managing.StockApplication      : No active profile set, falling back to 1 default profile: "default"
2023-04-09 21:22:28.908  INFO 14976 --- [restartedMain] .e.DevToolsPropertyDefaultsPostProcessor : Devtools property defaults active! Set 'spring.devtools.add-properties' to 'false' to disable
2023-04-09 21:22:28.908  INFO 14976 --- [restartedMain] .e.DevToolsPropertyDefaultsPostProcessor : For additional web related logging consider setting the 'logging.level.web' property to 'DEBUG'
2023-04-09 21:22:29.893  INFO 14976 --- [restartedMain] .s.d.r.c.RepositoryConfigurationDelegate : Bootstrapping Spring Data JPA repositories in DEFAULT mode.
2023-04-09 21:22:30.067  INFO 14976 --- [restartedMain] .s.d.r.c.RepositoryConfigurationDelegate : Finished Spring Data repository scanning in 165 ms. Found 1 JPA repository interfaces.
2023-04-09 21:22:30.349  INFO 14976 --- [restartedMain] o.s.cloud.context.scope.GenericScope     : BeanFactory id=58ec3b17-962d-35fb-8e1e-23e650b671f3
2023-04-09 21:22:31.012  INFO 14976 --- [restartedMain] o.s.b.w.embedded.tomcat.TomcatWebServer  : Tomcat initialized with port(s): 8082 (http)
2023-04-09 21:22:31.022  INFO 14976 --- [restartedMain] o.apache.catalina.core.StandardService   : Starting service [Tomcat]
2023-04-09 21:22:31.023  INFO 14976 --- [restartedMain] org.apache.catalina.core.StandardEngine  : Starting Servlet engine: [Apache Tomcat/9.0.73]
2023-04-09 21:22:31.135  INFO 14976 --- [restartedMain] o.a.c.c.C.[Tomcat].[localhost].[/]       : Initializing Spring embedded WebApplicationContext
2023-04-09 21:22:31.136  INFO 14976 --- [restartedMain] w.s.c.ServletWebServerApplicationContext : Root WebApplicationContext: initialization completed in 2227 ms
2023-04-09 21:22:31.326  INFO 14976 --- [restartedMain] o.hibernate.jpa.internal.util.LogHelper  : HHH000204: Processing PersistenceUnitInfo [name: default]
2023-04-09 21:22:31.379  INFO 14976 --- [restartedMain] org.hibernate.Version                    : HHH000412: Hibernate ORM core version 5.6.15.Final
2023-04-09 21:22:31.554  INFO 14976 --- [restartedMain] o.hibernate.annotations.common.Version   : HCANN000001: Hibernate Commons Annotations {5.1.2.Final}
2023-04-09 21:22:31.668  INFO 14976 --- [restartedMain] com.zaxxer.hikari.HikariDataSource       : HikariPool-1 - Starting...
2023-04-09 21:22:31.982  INFO 14976 --- [restartedMain] com.zaxxer.hikari.HikariDataSource       : HikariPool-1 - Start completed.
2023-04-09 21:22:31.999  INFO 14976 --- [restartedMain] org.hibernate.dialect.Dialect            : HHH000400: Using dialect: org.hibernate.dialect.MySQL8Dialect
2023-04-09 21:22:32.650  INFO 14976 --- [restartedMain] o.h.e.t.j.p.i.JtaPlatformInitiator       : HHH000490: Using JtaPlatform implementation: [org.hibernate.engine.transaction.jta.platform.internal.NoJtaPlatform]
2023-04-09 21:22:32.661  INFO 14976 --- [restartedMain] j.LocalContainerEntityManagerFactoryBean : Initialized JPA EntityManagerFactory for persistence unit 'default'
2023-04-09 21:22:33.291  WARN 14976 --- [restartedMain] JpaBaseConfiguration$JpaWebConfiguration : spring.jpa.open-in-view is enabled by default. Therefore, database queries may be performed during view rendering. Explicitly configure spring.jpa.open-in-view to disable this warning
2023-04-09 21:22:33.534  WARN 14976 --- [restartedMain] o.s.b.d.a.OptionalLiveReloadServer       : Unable to start LiveReload server
2023-04-09 21:22:33.793  INFO 14976 --- [restartedMain] DiscoveryClientOptionalArgsConfiguration : Eureka HTTP Client uses RestTemplate.
2023-04-09 21:22:33.879  WARN 14976 --- [restartedMain] iguration$LoadBalancerCaffeineWarnLogger : Spring Cloud LoadBalancer is currently working with the default cache. While this cache implementation is useful for development and tests, it's recommended to use Caffeine cache in production.You can switch to using Caffeine cache, by adding it and org.springframework.cache.caffeine.CaffeineCacheManager to the classpath.
2023-04-09 21:22:33.953  INFO 14976 --- [restartedMain] o.s.c.n.eureka.InstanceInfoFactory       : Setting initial instance status as: STARTING
2023-04-09 21:22:33.996  INFO 14976 --- [restartedMain] com.netflix.discovery.DiscoveryClient    : Initializing Eureka in region us-east-1
2023-04-09 21:22:34.002  INFO 14976 --- [restartedMain] c.n.d.s.r.aws.ConfigClusterResolver      : Resolving eureka endpoints via configuration
2023-04-09 21:22:34.028  INFO 14976 --- [restartedMain] com.netflix.discovery.DiscoveryClient    : Disable delta property : false
2023-04-09 21:22:34.028  INFO 14976 --- [restartedMain] com.netflix.discovery.DiscoveryClient    : Single vip registry refresh property : null
2023-04-09 21:22:34.028  INFO 14976 --- [restartedMain] com.netflix.discovery.DiscoveryClient    : Force full registry fetch : false
2023-04-09 21:22:34.028  INFO 14976 --- [restartedMain] com.netflix.discovery.DiscoveryClient    : Application is null : false
2023-04-09 21:22:34.028  INFO 14976 --- [restartedMain] com.netflix.discovery.DiscoveryClient    : Registered Applications size is zero : true
2023-04-09 21:22:34.029  INFO 14976 --- [restartedMain] com.netflix.discovery.DiscoveryClient    : Application version is -1: true
2023-04-09 21:22:34.029  INFO 14976 --- [restartedMain] com.netflix.discovery.DiscoveryClient    : Getting all instance registry info from the eureka server
2023-04-09 21:22:34.316  INFO 14976 --- [restartedMain] com.netflix.discovery.DiscoveryClient    : The response status is 200
2023-04-09 21:22:34.319  INFO 14976 --- [restartedMain] com.netflix.discovery.DiscoveryClient    : Starting heartbeat executor: renew interval is: 30
2023-04-09 21:22:34.322  INFO 14976 --- [restartedMain] c.n.discovery.InstanceInfoReplicator     : InstanceInfoReplicator onDemand update allowed rate per min is 4
2023-04-09 21:22:34.328  INFO 14976 --- [restartedMain] com.netflix.discovery.DiscoveryClient    : Discovery Client initialized at timestamp 1681055554327 with initial instances count: 2
2023-04-09 21:22:34.330  INFO 14976 --- [restartedMain] o.s.c.n.e.s.EurekaServiceRegistry        : Registering application STOCK-SERVICE with eureka with status UP
2023-04-09 21:22:34.330  INFO 14976 --- [restartedMain] com.netflix.discovery.DiscoveryClient    : Saw local status change event StatusChangeEvent [timestamp=1681055554330, current=UP, previous=STARTING]
2023-04-09 21:22:34.332  INFO 14976 --- [DiscoveryClient-InstanceInfoReplicator-0] com.netflix.discovery.DiscoveryClient    : DiscoveryClient_STOCK-SERVICE/ctsjava2286.iiht.tech:stock-service:8082: registering service...
2023-04-09 21:22:34.358  INFO 14976 --- [restartedMain] o.s.b.w.embedded.tomcat.TomcatWebServer  : Tomcat started on port(s): 8082 (http) with context path ''
2023-04-09 21:22:34.359  INFO 14976 --- [restartedMain] .s.c.n.e.s.EurekaAutoServiceRegistration : Updating port to 8082
2023-04-09 21:22:34.372  INFO 14976 --- [DiscoveryClient-InstanceInfoReplicator-0] com.netflix.discovery.DiscoveryClient    : DiscoveryClient_STOCK-SERVICE/ctsjava2286.iiht.tech:stock-service:8082 - registration status: 204
2023-04-09 21:22:34.544  INFO 14976 --- [restartedMain] com.stock.managing.StockApplication      : Started StockApplication in 6.18 seconds (JVM running for 7.053)
2023-04-09 21:27:34.044  INFO 14976 --- [AsyncResolver-bootstrap-executor-0] c.n.d.s.r.aws.ConfigClusterResolver      : Resolving eureka endpoints via configuration
2023-04-09 21:32:34.037  INFO 14976 --- [AsyncResolver-bootstrap-executor-0] c.n.d.s.r.aws.ConfigClusterResolver      : Resolving eureka endpoints via configuration
2023-04-09 21:37:34.040  INFO 14976 --- [AsyncResolver-bootstrap-executor-0] c.n.d.s.r.aws.ConfigClusterResolver      : Resolving eureka endpoints via configuration
2023-04-09 21:42:34.038  INFO 14976 --- [AsyncResolver-bootstrap-executor-0] c.n.d.s.r.aws.ConfigClusterResolver      : Resolving eureka endpoints via configuration
2023-04-09 21:45:20.956  INFO 14976 --- [File Watcher] rtingClassPathChangeChangedEventListener : Restarting due to 1 class path change (0 additions, 0 deletions, 1 modification)
2023-04-09 21:45:20.959  INFO 14976 --- [Thread-1] o.s.c.n.e.s.EurekaServiceRegistry        : Unregistering application STOCK-SERVICE with eureka with status DOWN
2023-04-09 21:45:20.959  INFO 14976 --- [Thread-1] com.netflix.discovery.DiscoveryClient    : Saw local status change event StatusChangeEvent [timestamp=1681056920959, current=DOWN, previous=UP]
2023-04-09 21:45:20.960  INFO 14976 --- [DiscoveryClient-InstanceInfoReplicator-0] com.netflix.discovery.DiscoveryClient    : DiscoveryClient_STOCK-SERVICE/ctsjava2286.iiht.tech:stock-service:8082: registering service...
2023-04-09 21:45:20.967  INFO 14976 --- [DiscoveryClient-InstanceInfoReplicator-0] com.netflix.discovery.DiscoveryClient    : DiscoveryClient_STOCK-SERVICE/ctsjava2286.iiht.tech:stock-service:8082 - registration status: 204
2023-04-09 21:45:20.967  INFO 14976 --- [Thread-1] o.apache.catalina.core.StandardService   : Stopping service [Tomcat]
2023-04-09 21:45:20.980  INFO 14976 --- [Thread-1] j.LocalContainerEntityManagerFactoryBean : Closing JPA EntityManagerFactory for persistence unit 'default'
2023-04-09 21:45:20.983  INFO 14976 --- [Thread-1] com.zaxxer.hikari.HikariDataSource       : HikariPool-1 - Shutdown initiated...
2023-04-09 21:45:20.990  INFO 14976 --- [Thread-1] com.zaxxer.hikari.HikariDataSource       : HikariPool-1 - Shutdown completed.
2023-04-09 21:45:20.990  INFO 14976 --- [Thread-1] com.netflix.discovery.DiscoveryClient    : Shutting down DiscoveryClient ...
2023-04-09 21:45:23.996  INFO 14976 --- [Thread-1] com.netflix.discovery.DiscoveryClient    : Unregistering ...
2023-04-09 21:45:24.001  INFO 14976 --- [Thread-1] com.netflix.discovery.DiscoveryClient    : DiscoveryClient_STOCK-SERVICE/ctsjava2286.iiht.tech:stock-service:8082 - deregister  status: 200
2023-04-09 21:45:24.006  INFO 14976 --- [Thread-1] com.netflix.discovery.DiscoveryClient    : Completed shut down of DiscoveryClient
