2023-04-09 20:35:59.226  INFO 20756 --- [main] com.stock.marketing.CompanyApplication   : Starting CompanyApplication using Java 17.0.6 on ctsjava2286 with PID 20756 (C:\Users\cogjava3529\Documents\MicroservicesEStockMarketing\company\target\classes started by cogjava3529 in C:\Users\cogjava3529\Documents\MicroservicesEStockMarketing\company)
2023-04-09 20:35:59.230  INFO 20756 --- [main] com.stock.marketing.CompanyApplication   : No active profile set, falling back to 1 default profile: "default"
2023-04-09 20:36:00.412  INFO 20756 --- [main] .s.d.r.c.RepositoryConfigurationDelegate : Bootstrapping Spring Data JPA repositories in DEFAULT mode.
2023-04-09 20:36:00.656  INFO 20756 --- [main] .s.d.r.c.RepositoryConfigurationDelegate : Finished Spring Data repository scanning in 231 ms. Found 1 JPA repository interfaces.
2023-04-09 20:36:00.960  INFO 20756 --- [main] o.s.cloud.context.scope.GenericScope     : BeanFactory id=db206bab-5ab5-3608-bdf7-a08cf06b58ea
2023-04-09 20:36:01.494  INFO 20756 --- [main] o.s.b.w.embedded.tomcat.TomcatWebServer  : Tomcat initialized with port(s): 8081 (http)
2023-04-09 20:36:01.509  INFO 20756 --- [main] o.apache.catalina.core.StandardService   : Starting service [Tomcat]
2023-04-09 20:36:01.509  INFO 20756 --- [main] org.apache.catalina.core.StandardEngine  : Starting Servlet engine: [Apache Tomcat/9.0.73]
2023-04-09 20:36:01.698  INFO 20756 --- [main] o.a.c.c.C.[Tomcat].[localhost].[/]       : Initializing Spring embedded WebApplicationContext
2023-04-09 20:36:01.698  INFO 20756 --- [main] w.s.c.ServletWebServerApplicationContext : Root WebApplicationContext: initialization completed in 2401 ms
2023-04-09 20:36:01.972  INFO 20756 --- [main] o.hibernate.jpa.internal.util.LogHelper  : HHH000204: Processing PersistenceUnitInfo [name: default]
2023-04-09 20:36:02.089  INFO 20756 --- [main] org.hibernate.Version                    : HHH000412: Hibernate ORM core version 5.6.15.Final
2023-04-09 20:36:02.381  INFO 20756 --- [main] o.hibernate.annotations.common.Version   : HCANN000001: Hibernate Commons Annotations {5.1.2.Final}
2023-04-09 20:36:02.554  INFO 20756 --- [main] com.zaxxer.hikari.HikariDataSource       : HikariPool-1 - Starting...
2023-04-09 20:36:03.017  INFO 20756 --- [main] com.zaxxer.hikari.HikariDataSource       : HikariPool-1 - Start completed.
2023-04-09 20:36:03.051  INFO 20756 --- [main] org.hibernate.dialect.Dialect            : HHH000400: Using dialect: org.hibernate.dialect.MySQL8Dialect
2023-04-09 20:36:03.901  INFO 20756 --- [main] o.h.e.t.j.p.i.JtaPlatformInitiator       : HHH000490: Using JtaPlatform implementation: [org.hibernate.engine.transaction.jta.platform.internal.NoJtaPlatform]
2023-04-09 20:36:03.914  INFO 20756 --- [main] j.LocalContainerEntityManagerFactoryBean : Initialized JPA EntityManagerFactory for persistence unit 'default'
2023-04-09 20:36:04.477  WARN 20756 --- [main] JpaBaseConfiguration$JpaWebConfiguration : spring.jpa.open-in-view is enabled by default. Therefore, database queries may be performed during view rendering. Explicitly configure spring.jpa.open-in-view to disable this warning
2023-04-09 20:36:05.064  INFO 20756 --- [main] DiscoveryClientOptionalArgsConfiguration : Eureka HTTP Client uses RestTemplate.
2023-04-09 20:36:05.175  WARN 20756 --- [main] iguration$LoadBalancerCaffeineWarnLogger : Spring Cloud LoadBalancer is currently working with the default cache. While this cache implementation is useful for development and tests, it's recommended to use Caffeine cache in production.You can switch to using Caffeine cache, by adding it and org.springframework.cache.caffeine.CaffeineCacheManager to the classpath.
2023-04-09 20:36:05.253  INFO 20756 --- [main] o.s.c.n.eureka.InstanceInfoFactory       : Setting initial instance status as: STARTING
2023-04-09 20:36:05.325  INFO 20756 --- [main] com.netflix.discovery.DiscoveryClient    : Initializing Eureka in region us-east-1
2023-04-09 20:36:05.331  INFO 20756 --- [main] c.n.d.s.r.aws.ConfigClusterResolver      : Resolving eureka endpoints via configuration
2023-04-09 20:36:05.367  INFO 20756 --- [main] com.netflix.discovery.DiscoveryClient    : Disable delta property : false
2023-04-09 20:36:05.367  INFO 20756 --- [main] com.netflix.discovery.DiscoveryClient    : Single vip registry refresh property : null
2023-04-09 20:36:05.367  INFO 20756 --- [main] com.netflix.discovery.DiscoveryClient    : Force full registry fetch : false
2023-04-09 20:36:05.367  INFO 20756 --- [main] com.netflix.discovery.DiscoveryClient    : Application is null : false
2023-04-09 20:36:05.367  INFO 20756 --- [main] com.netflix.discovery.DiscoveryClient    : Registered Applications size is zero : true
2023-04-09 20:36:05.367  INFO 20756 --- [main] com.netflix.discovery.DiscoveryClient    : Application version is -1: true
2023-04-09 20:36:05.367  INFO 20756 --- [main] com.netflix.discovery.DiscoveryClient    : Getting all instance registry info from the eureka server
2023-04-09 20:36:05.760  INFO 20756 --- [main] com.netflix.discovery.DiscoveryClient    : The response status is 200
2023-04-09 20:36:05.764  INFO 20756 --- [main] com.netflix.discovery.DiscoveryClient    : Starting heartbeat executor: renew interval is: 30
2023-04-09 20:36:05.768  INFO 20756 --- [main] c.n.discovery.InstanceInfoReplicator     : InstanceInfoReplicator onDemand update allowed rate per min is 4
2023-04-09 20:36:05.774  INFO 20756 --- [main] com.netflix.discovery.DiscoveryClient    : Discovery Client initialized at timestamp 1681052765773 with initial instances count: 1
2023-04-09 20:36:05.776  INFO 20756 --- [main] o.s.c.n.e.s.EurekaServiceRegistry        : Registering application COMPANY-SERVICE with eureka with status UP
2023-04-09 20:36:05.776  INFO 20756 --- [main] com.netflix.discovery.DiscoveryClient    : Saw local status change event StatusChangeEvent [timestamp=1681052765776, current=UP, previous=STARTING]
2023-04-09 20:36:05.778  INFO 20756 --- [DiscoveryClient-InstanceInfoReplicator-0] com.netflix.discovery.DiscoveryClient    : DiscoveryClient_COMPANY-SERVICE/ctsjava2286.iiht.tech:company-service:8081: registering service...
2023-04-09 20:36:05.806  INFO 20756 --- [main] o.s.b.w.embedded.tomcat.TomcatWebServer  : Tomcat started on port(s): 8081 (http) with context path ''
2023-04-09 20:36:05.807  INFO 20756 --- [main] .s.c.n.e.s.EurekaAutoServiceRegistration : Updating port to 8081
2023-04-09 20:36:05.817  INFO 20756 --- [DiscoveryClient-InstanceInfoReplicator-0] com.netflix.discovery.DiscoveryClient    : DiscoveryClient_COMPANY-SERVICE/ctsjava2286.iiht.tech:company-service:8081 - registration status: 204
2023-04-09 20:36:06.022  INFO 20756 --- [main] com.stock.marketing.CompanyApplication   : Started CompanyApplication in 7.422 seconds (JVM running for 8.823)
2023-04-09 20:38:29.003  INFO 20756 --- [http-nio-8081-exec-2] o.a.c.c.C.[Tomcat].[localhost].[/]       : Initializing Spring DispatcherServlet 'dispatcherServlet'
2023-04-09 20:38:29.003  INFO 20756 --- [http-nio-8081-exec-2] o.s.web.servlet.DispatcherServlet        : Initializing Servlet 'dispatcherServlet'
2023-04-09 20:38:29.005  INFO 20756 --- [http-nio-8081-exec-2] o.s.web.servlet.DispatcherServlet        : Completed initialization in 2 ms
2023-04-09 20:38:29.049  INFO 20756 --- [http-nio-8081-exec-2] c.s.m.controller.CompanyController       : Company Registration Detail is-->Company [companyCode=xyz06, companyName=XYZ, companyCEO=abc, companyTurnover=300009.89, companyWebsite=xyz.stock.com, stockExchange=NSE, currentStockPrice=null]
2023-04-09 20:38:35.938  WARN 20756 --- [http-nio-8081-exec-1] .w.s.m.s.DefaultHandlerExceptionResolver : Resolved [org.springframework.http.converter.HttpMessageNotReadableException: Required request body is missing: public org.springframework.http.ResponseEntity<com.stock.marketing.entity.Company> com.stock.marketing.controller.CompanyController.addCompany(com.stock.marketing.entity.Company)]
2023-04-09 20:40:21.802  INFO 20756 --- [http-nio-8081-exec-3] c.s.m.controller.CompanyController       : Inside deleteCompanyById
2023-04-09 20:40:21.857  INFO 20756 --- [http-nio-8081-exec-3] c.s.marketing.service.CompanyService     : Deleted by Id Successfully!!
2023-04-09 20:40:21.858  INFO 20756 --- [http-nio-8081-exec-3] c.s.m.controller.CompanyController       : Inside delete stock try
2023-04-09 20:40:51.831  INFO 20756 --- [http-nio-8081-exec-4] c.s.m.controller.CompanyController       : Company Registration Detail is-->Company [companyCode=xyz06, companyName=XYZ, companyCEO=abc, companyTurnover=300009.89, companyWebsite=xyz.stock.com, stockExchange=NSE, currentStockPrice=null]
2023-04-09 20:41:05.372  INFO 20756 --- [AsyncResolver-bootstrap-executor-0] c.n.d.s.r.aws.ConfigClusterResolver      : Resolving eureka endpoints via configuration
2023-04-09 20:42:13.247  INFO 20756 --- [RMI TCP Connection(14)-127.0.0.1] inMXBeanRegistrar$SpringApplicationAdmin : Application shutdown requested.
2023-04-09 20:42:13.248  INFO 20756 --- [RMI TCP Connection(14)-127.0.0.1] o.s.c.n.e.s.EurekaServiceRegistry        : Unregistering application COMPANY-SERVICE with eureka with status DOWN
2023-04-09 20:42:13.248  INFO 20756 --- [RMI TCP Connection(14)-127.0.0.1] com.netflix.discovery.DiscoveryClient    : Saw local status change event StatusChangeEvent [timestamp=1681053133248, current=DOWN, previous=UP]
2023-04-09 20:42:13.248  INFO 20756 --- [DiscoveryClient-InstanceInfoReplicator-0] com.netflix.discovery.DiscoveryClient    : DiscoveryClient_COMPANY-SERVICE/ctsjava2286.iiht.tech:company-service:8081: registering service...
2023-04-09 20:42:13.255  INFO 20756 --- [RMI TCP Connection(14)-127.0.0.1] o.apache.catalina.core.StandardService   : Stopping service [Tomcat]
2023-04-09 20:42:13.256  INFO 20756 --- [RMI TCP Connection(14)-127.0.0.1] o.a.c.c.C.[Tomcat].[localhost].[/]       : Destroying Spring FrameworkServlet 'dispatcherServlet'
2023-04-09 20:42:13.264  INFO 20756 --- [DiscoveryClient-InstanceInfoReplicator-0] com.netflix.discovery.DiscoveryClient    : DiscoveryClient_COMPANY-SERVICE/ctsjava2286.iiht.tech:company-service:8081 - registration status: 204
2023-04-09 20:42:13.271  INFO 20756 --- [RMI TCP Connection(14)-127.0.0.1] j.LocalContainerEntityManagerFactoryBean : Closing JPA EntityManagerFactory for persistence unit 'default'
2023-04-09 20:42:13.273  INFO 20756 --- [RMI TCP Connection(14)-127.0.0.1] com.zaxxer.hikari.HikariDataSource       : HikariPool-1 - Shutdown initiated...
2023-04-09 20:42:13.281  INFO 20756 --- [RMI TCP Connection(14)-127.0.0.1] com.zaxxer.hikari.HikariDataSource       : HikariPool-1 - Shutdown completed.
2023-04-09 20:42:13.282  INFO 20756 --- [RMI TCP Connection(14)-127.0.0.1] com.netflix.discovery.DiscoveryClient    : Shutting down DiscoveryClient ...
2023-04-09 20:42:16.285  INFO 20756 --- [RMI TCP Connection(14)-127.0.0.1] com.netflix.discovery.DiscoveryClient    : Unregistering ...
2023-04-09 20:42:16.290  INFO 20756 --- [RMI TCP Connection(14)-127.0.0.1] com.netflix.discovery.DiscoveryClient    : DiscoveryClient_COMPANY-SERVICE/ctsjava2286.iiht.tech:company-service:8081 - deregister  status: 200
2023-04-09 20:42:16.295  INFO 20756 --- [RMI TCP Connection(14)-127.0.0.1] com.netflix.discovery.DiscoveryClient    : Completed shut down of DiscoveryClient
